<?xml version="1.0" encoding="UTF-8"?>
<!-- Generated by org.testng.reporters.JUnitReportReporter -->
<testsuite skipped="0" hostname="CHEN-ALAPICHAI" name="com.stripe.stripautomation.testcases.Firsttestcase" tests="2" failures="0" timestamp="24 Sep 2019 08:46:10 GMT" time="2.923" errors="0">
  <testcase name="postm" time="2.227" classname="com.stripe.stripautomation.testcases.Firsttestcase"/>
  <testcase name="postm" time="0.696" classname="com.stripe.stripautomation.testcases.Firsttestcase"/>
</testsuite> <!-- com.stripe.stripautomation.testcases.Firsttestcase -->
